Determining if the prototype Z3_get_error_msg exists for HAVE_Z3_GET_ERROR_MSG_NEEDS_CONTEXT failed with the following output:
Change Dir: /home/namrata/build/CMakeFiles/CMakeTmp

Run Build Command:"/usr/bin/make" "cmTC_9fea3/fast"
/usr/bin/make -f CMakeFiles/cmTC_9fea3.dir/build.make CMakeFiles/cmTC_9fea3.dir/build
make[1]: Entering directory '/home/namrata/build/CMakeFiles/CMakeTmp'
Building C object CMakeFiles/cmTC_9fea3.dir/CheckPrototypeDefinition.c.o
/usr/bin/cc   -Wall -Wextra -Wno-unused-parameter    -o CMakeFiles/cmTC_9fea3.dir/CheckPrototypeDefinition.c.o   -c /home/namrata/build/CMakeFiles/CMakeTmp/CheckPrototypeDefinition.c
/home/namrata/build/CMakeFiles/CMakeTmp/CheckPrototypeDefinition.c:14:11: error: conflicting types for ‘Z3_get_error_msg’
 Z3_string Z3_get_error_msg(Z3_context c, Z3_error_code err) {
           ^~~~~~~~~~~~~~~~
In file included from /usr/include/z3.h:26:0,
                 from /home/namrata/build/CMakeFiles/CMakeTmp/CheckPrototypeDefinition.c:1:
/usr/include/z3_api.h:5314:22: note: previous declaration of ‘Z3_get_error_msg’ was here
     Z3_string Z3_API Z3_get_error_msg(Z3_error_code err);
                      ^~~~~~~~~~~~~~~~
CMakeFiles/cmTC_9fea3.dir/build.make:65: recipe for target 'CMakeFiles/cmTC_9fea3.dir/CheckPrototypeDefinition.c.o' failed
make[1]: *** [CMakeFiles/cmTC_9fea3.dir/CheckPrototypeDefinition.c.o] Error 1
make[1]: Leaving directory '/home/namrata/build/CMakeFiles/CMakeTmp'
Makefile:126: recipe for target 'cmTC_9fea3/fast' failed
make: *** [cmTC_9fea3/fast] Error 2


#include </usr/include/z3.h>


static void cmakeRequireSymbol(int dummy, ...) {
  (void) dummy;
}

static void checkSymbol(void) {
#ifndef Z3_get_error_msg
  cmakeRequireSymbol(0, &Z3_get_error_msg);
#endif
}

Z3_string Z3_get_error_msg(Z3_context c, Z3_error_code err) {
  return NULL;
}

#ifdef __CLASSIC_C__
int main() {
  int ac;
  char*av[];
#else
int main(int ac, char *av[]) {
#endif
  checkSymbol();
  if (ac > 1000) {
    return *av[0];
  }
  return 0;
}


Determining if the include file util.h exists failed with the following output:
Change Dir: /home/namrata/build/CMakeFiles/CMakeTmp

Run Build Command:"/usr/bin/make" "cmTC_8673a/fast"
/usr/bin/make -f CMakeFiles/cmTC_8673a.dir/build.make CMakeFiles/cmTC_8673a.dir/build
make[1]: Entering directory '/home/namrata/build/CMakeFiles/CMakeTmp'
Building C object CMakeFiles/cmTC_8673a.dir/CheckIncludeFile.c.o
/usr/bin/cc   -Wall -Wextra -Wno-unused-parameter    -o CMakeFiles/cmTC_8673a.dir/CheckIncludeFile.c.o   -c /home/namrata/build/CMakeFiles/CMakeTmp/CheckIncludeFile.c
/home/namrata/build/CMakeFiles/CMakeTmp/CheckIncludeFile.c:1:10: fatal error: util.h: No such file or directory
 #include <util.h>
          ^~~~~~~~
compilation terminated.
CMakeFiles/cmTC_8673a.dir/build.make:65: recipe for target 'CMakeFiles/cmTC_8673a.dir/CheckIncludeFile.c.o' failed
make[1]: *** [CMakeFiles/cmTC_8673a.dir/CheckIncludeFile.c.o] Error 1
make[1]: Leaving directory '/home/namrata/build/CMakeFiles/CMakeTmp'
Makefile:126: recipe for target 'cmTC_8673a/fast' failed
make: *** [cmTC_8673a/fast] Error 2


Determining if the include file libutil.h exists failed with the following output:
Change Dir: /home/namrata/build/CMakeFiles/CMakeTmp

Run Build Command:"/usr/bin/make" "cmTC_791be/fast"
/usr/bin/make -f CMakeFiles/cmTC_791be.dir/build.make CMakeFiles/cmTC_791be.dir/build
make[1]: Entering directory '/home/namrata/build/CMakeFiles/CMakeTmp'
Building C object CMakeFiles/cmTC_791be.dir/CheckIncludeFile.c.o
/usr/bin/cc   -Wall -Wextra -Wno-unused-parameter    -o CMakeFiles/cmTC_791be.dir/CheckIncludeFile.c.o   -c /home/namrata/build/CMakeFiles/CMakeTmp/CheckIncludeFile.c
/home/namrata/build/CMakeFiles/CMakeTmp/CheckIncludeFile.c:1:10: fatal error: libutil.h: No such file or directory
 #include <libutil.h>
          ^~~~~~~~~~~
compilation terminated.
CMakeFiles/cmTC_791be.dir/build.make:65: recipe for target 'CMakeFiles/cmTC_791be.dir/CheckIncludeFile.c.o' failed
make[1]: *** [CMakeFiles/cmTC_791be.dir/CheckIncludeFile.c.o] Error 1
make[1]: Leaving directory '/home/namrata/build/CMakeFiles/CMakeTmp'
Makefile:126: recipe for target 'cmTC_791be/fast' failed
make: *** [cmTC_791be/fast] Error 2


Determining if the function openpty exists failed with the following output:
Change Dir: /home/namrata/build/CMakeFiles/CMakeTmp

Run Build Command:"/usr/bin/make" "cmTC_06372/fast"
/usr/bin/make -f CMakeFiles/cmTC_06372.dir/build.make CMakeFiles/cmTC_06372.dir/build
make[1]: Entering directory '/home/namrata/build/CMakeFiles/CMakeTmp'
Building C object CMakeFiles/cmTC_06372.dir/CheckFunctionExists.c.o
/usr/bin/cc   -Wall -Wextra -Wno-unused-parameter -DCHECK_FUNCTION_EXISTS=openpty   -o CMakeFiles/cmTC_06372.dir/CheckFunctionExists.c.o   -c /usr/share/cmake-3.10/Modules/CheckFunctionExists.c
Linking C executable cmTC_06372
/usr/bin/cmake -E cmake_link_script CMakeFiles/cmTC_06372.dir/link.txt --verbose=1
/usr/bin/cc  -Wall -Wextra -Wno-unused-parameter -DCHECK_FUNCTION_EXISTS=openpty    -rdynamic CMakeFiles/cmTC_06372.dir/CheckFunctionExists.c.o  -o cmTC_06372 
CMakeFiles/cmTC_06372.dir/CheckFunctionExists.c.o: In function `main':
CheckFunctionExists.c:(.text+0x10): undefined reference to `openpty'
collect2: error: ld returned 1 exit status
CMakeFiles/cmTC_06372.dir/build.make:97: recipe for target 'cmTC_06372' failed
make[1]: *** [cmTC_06372] Error 1
make[1]: Leaving directory '/home/namrata/build/CMakeFiles/CMakeTmp'
Makefile:126: recipe for target 'cmTC_06372/fast' failed
make: *** [cmTC_06372/fast] Error 2


Determining if the malloc_zone_statistics exist failed with the following output:
Change Dir: /home/namrata/build/CMakeFiles/CMakeTmp

Run Build Command:"/usr/bin/make" "cmTC_2ce24/fast"
/usr/bin/make -f CMakeFiles/cmTC_2ce24.dir/build.make CMakeFiles/cmTC_2ce24.dir/build
make[1]: Entering directory '/home/namrata/build/CMakeFiles/CMakeTmp'
Building CXX object CMakeFiles/cmTC_2ce24.dir/CheckSymbolExists.cxx.o
/usr/bin/c++    -Wall -Wextra -Wno-unused-parameter    -o CMakeFiles/cmTC_2ce24.dir/CheckSymbolExists.cxx.o -c /home/namrata/build/CMakeFiles/CMakeTmp/CheckSymbolExists.cxx
/home/namrata/build/CMakeFiles/CMakeTmp/CheckSymbolExists.cxx:2:10: fatal error: malloc/malloc.h: No such file or directory
 #include <malloc/malloc.h>
          ^~~~~~~~~~~~~~~~~
compilation terminated.
CMakeFiles/cmTC_2ce24.dir/build.make:65: recipe for target 'CMakeFiles/cmTC_2ce24.dir/CheckSymbolExists.cxx.o' failed
make[1]: *** [CMakeFiles/cmTC_2ce24.dir/CheckSymbolExists.cxx.o] Error 1
make[1]: Leaving directory '/home/namrata/build/CMakeFiles/CMakeTmp'
Makefile:126: recipe for target 'cmTC_2ce24/fast' failed
make: *** [cmTC_2ce24/fast] Error 2

File /home/namrata/build/CMakeFiles/CMakeTmp/CheckSymbolExists.cxx:
/* */
#include <malloc/malloc.h>

int main(int argc, char** argv)
{
  (void)argv;
#ifndef malloc_zone_statistics
  return ((int*)(&malloc_zone_statistics))[argc];
#else
  (void)argc;
  return 0;
#endif
}

Determining if the include file selinux/selinux.h exists failed with the following output:
Change Dir: /home/namrata/build/CMakeFiles/CMakeTmp

Run Build Command:"/usr/bin/make" "cmTC_42dc1/fast"
/usr/bin/make -f CMakeFiles/cmTC_42dc1.dir/build.make CMakeFiles/cmTC_42dc1.dir/build
make[1]: Entering directory '/home/namrata/build/CMakeFiles/CMakeTmp'
Building C object CMakeFiles/cmTC_42dc1.dir/CheckIncludeFile.c.o
/usr/bin/cc   -Wall -Wextra -Wno-unused-parameter    -o CMakeFiles/cmTC_42dc1.dir/CheckIncludeFile.c.o   -c /home/namrata/build/CMakeFiles/CMakeTmp/CheckIncludeFile.c
/home/namrata/build/CMakeFiles/CMakeTmp/CheckIncludeFile.c:1:10: fatal error: selinux/selinux.h: No such file or directory
 #include <selinux/selinux.h>
          ^~~~~~~~~~~~~~~~~~~
compilation terminated.
CMakeFiles/cmTC_42dc1.dir/build.make:65: recipe for target 'CMakeFiles/cmTC_42dc1.dir/CheckIncludeFile.c.o' failed
make[1]: *** [CMakeFiles/cmTC_42dc1.dir/CheckIncludeFile.c.o] Error 1
make[1]: Leaving directory '/home/namrata/build/CMakeFiles/CMakeTmp'
Makefile:126: recipe for target 'cmTC_42dc1/fast' failed
make: *** [cmTC_42dc1/fast] Error 2


Determining if the include file sys/acl.h exists failed with the following output:
Change Dir: /home/namrata/build/CMakeFiles/CMakeTmp

Run Build Command:"/usr/bin/make" "cmTC_72562/fast"
/usr/bin/make -f CMakeFiles/cmTC_72562.dir/build.make CMakeFiles/cmTC_72562.dir/build
make[1]: Entering directory '/home/namrata/build/CMakeFiles/CMakeTmp'
Building C object CMakeFiles/cmTC_72562.dir/CheckIncludeFile.c.o
/usr/bin/cc   -Wall -Wextra -Wno-unused-parameter    -o CMakeFiles/cmTC_72562.dir/CheckIncludeFile.c.o   -c /home/namrata/build/CMakeFiles/CMakeTmp/CheckIncludeFile.c
/home/namrata/build/CMakeFiles/CMakeTmp/CheckIncludeFile.c:1:10: fatal error: sys/acl.h: No such file or directory
 #include <sys/acl.h>
          ^~~~~~~~~~~
compilation terminated.
CMakeFiles/cmTC_72562.dir/build.make:65: recipe for target 'CMakeFiles/cmTC_72562.dir/CheckIncludeFile.c.o' failed
make[1]: *** [CMakeFiles/cmTC_72562.dir/CheckIncludeFile.c.o] Error 1
make[1]: Leaving directory '/home/namrata/build/CMakeFiles/CMakeTmp'
Makefile:126: recipe for target 'cmTC_72562/fast' failed
make: *** [cmTC_72562/fast] Error 2


